==4312== Memcheck, a memory error detector
==4312== Copyright (C) 2002-2017, and GNU GPL'd, by Julian Seward et al.
==4312== Using Valgrind-3.15.0 and LibVEX; rerun with -h for copyright info
==4312== Command: ./d_json
==4312== Parent PID: 4304
==4312== 
--4312-- WARNING: Serious error when reading debug info
--4312-- When reading debug info from /packages/run.64/gcc-13.1/alts/rhel/lib64/libstdc++.so.6.0.31:
--4312-- Ignoring non-Dwarf2/3/4 block in .debug_info
--4312-- WARNING: Serious error when reading debug info
--4312-- When reading debug info from /packages/run.64/gcc-13.1/alts/rhel/lib64/libstdc++.so.6.0.31:
--4312-- Ignoring non-Dwarf2/3/4 block in .debug_info
--4312-- WARNING: Serious error when reading debug info
--4312-- When reading debug info from /packages/run.64/gcc-13.1/alts/rhel/lib64/libstdc++.so.6.0.31:
--4312-- Ignoring non-Dwarf2/3/4 block in .debug_info
--4312-- WARNING: Serious error when reading debug info
--4312-- When reading debug info from /packages/run.64/gcc-13.1/alts/rhel/lib64/libstdc++.so.6.0.31:
--4312-- Ignoring non-Dwarf2/3/4 block in .debug_info
--4312-- WARNING: Serious error when reading debug info
--4312-- When reading debug info from /packages/run.64/gcc-13.1/alts/rhel/lib64/libstdc++.so.6.0.31:
--4312-- Ignoring non-Dwarf2/3/4 block in .debug_info
--4312-- WARNING: Serious error when reading debug info
--4312-- When reading debug info from /packages/run.64/gcc-13.1/alts/rhel/lib64/libstdc++.so.6.0.31:
--4312-- Ignoring non-Dwarf2/3/4 block in .debug_info
--4312-- WARNING: Serious error when reading debug info
--4312-- When reading debug info from /packages/run.64/gcc-13.1/alts/rhel/lib64/libstdc++.so.6.0.31:
--4312-- Ignoring non-Dwarf2/3/4 block in .debug_info
--4312-- WARNING: Serious error when reading debug info
--4312-- When reading debug info from /packages/run.64/gcc-13.1/alts/rhel/lib64/libstdc++.so.6.0.31:
--4312-- Ignoring non-Dwarf2/3/4 block in .debug_info
--4312-- WARNING: Serious error when reading debug info
--4312-- When reading debug info from /packages/run.64/gcc-13.1/alts/rhel/lib64/libstdc++.so.6.0.31:
--4312-- Ignoring non-Dwarf2/3/4 block in .debug_info
--4312-- WARNING: Serious error when reading debug info
--4312-- When reading debug info from /packages/run.64/gcc-13.1/alts/rhel/lib64/libstdc++.so.6.0.31:
--4312-- Ignoring non-Dwarf2/3/4 block in .debug_info
--4312-- WARNING: Serious error when reading debug info
--4312-- When reading debug info from /packages/run.64/gcc-13.1/alts/rhel/lib64/libstdc++.so.6.0.31:
--4312-- Ignoring non-Dwarf2/3/4 block in .debug_info
--4312-- WARNING: Serious error when reading debug info
--4312-- When reading debug info from /packages/run.64/gcc-13.1/alts/rhel/lib64/libstdc++.so.6.0.31:
--4312-- Ignoring non-Dwarf2/3/4 block in .debug_info
--4312-- WARNING: Serious error when reading debug info
--4312-- When reading debug info from /packages/run.64/gcc-13.1/alts/rhel/lib64/libstdc++.so.6.0.31:
--4312-- Ignoring non-Dwarf2/3/4 block in .debug_info
--4312-- WARNING: Serious error when reading debug info
--4312-- When reading debug info from /packages/run.64/gcc-13.1/alts/rhel/lib64/libstdc++.so.6.0.31:
--4312-- Ignoring non-Dwarf2/3/4 block in .debug_info
--4312-- WARNING: Serious error when reading debug info
--4312-- When reading debug info from /packages/run.64/gcc-13.1/alts/rhel/lib64/libstdc++.so.6.0.31:
--4312-- Ignoring non-Dwarf2/3/4 block in .debug_info
--4312-- WARNING: Serious error when reading debug info
--4312-- When reading debug info from /packages/run.64/gcc-13.1/alts/rhel/lib64/libstdc++.so.6.0.31:
--4312-- Ignoring non-Dwarf2/3/4 block in .debug_info
--4312-- WARNING: Serious error when reading debug info
--4312-- When reading debug info from /packages/run.64/gcc-13.1/alts/rhel/lib64/libstdc++.so.6.0.31:
--4312-- Ignoring non-Dwarf2/3/4 block in .debug_info
--4312-- WARNING: Serious error when reading debug info
--4312-- When reading debug info from /packages/run.64/gcc-13.1/alts/rhel/lib64/libstdc++.so.6.0.31:
--4312-- Ignoring non-Dwarf2/3/4 block in .debug_info
--4312-- WARNING: Serious error when reading debug info
--4312-- When reading debug info from /packages/run.64/gcc-13.1/alts/rhel/lib64/libstdc++.so.6.0.31:
--4312-- Ignoring non-Dwarf2/3/4 block in .debug_info
--4312-- WARNING: Serious error when reading debug info
--4312-- When reading debug info from /packages/run.64/gcc-13.1/alts/rhel/lib64/libstdc++.so.6.0.31:
--4312-- Ignoring non-Dwarf2/3/4 block in .debug_info
--4312-- WARNING: Serious error when reading debug info
--4312-- When reading debug info from /packages/run.64/gcc-13.1/alts/rhel/lib64/libstdc++.so.6.0.31:
--4312-- Ignoring non-Dwarf2/3/4 block in .debug_info
--4312-- WARNING: Serious error when reading debug info
--4312-- When reading debug info from /packages/run.64/gcc-13.1/alts/rhel/lib64/libstdc++.so.6.0.31:
--4312-- Ignoring non-Dwarf2/3/4 block in .debug_info
--4312-- WARNING: Serious error when reading debug info
--4312-- When reading debug info from /packages/run.64/gcc-13.1/alts/rhel/lib64/libstdc++.so.6.0.31:
--4312-- Ignoring non-Dwarf2/3/4 block in .debug_info
--4312-- WARNING: Serious error when reading debug info
--4312-- When reading debug info from /packages/run.64/gcc-13.1/alts/rhel/lib64/libstdc++.so.6.0.31:
--4312-- Ignoring non-Dwarf2/3/4 block in .debug_info
--4312-- WARNING: Serious error when reading debug info
--4312-- When reading debug info from /packages/run.64/gcc-13.1/alts/rhel/lib64/libstdc++.so.6.0.31:
--4312-- Ignoring non-Dwarf2/3/4 block in .debug_info
--4312-- WARNING: Serious error when reading debug info
--4312-- When reading debug info from /packages/run.64/gcc-13.1/alts/rhel/lib64/libstdc++.so.6.0.31:
--4312-- Ignoring non-Dwarf2/3/4 block in .debug_info
--4312-- WARNING: Serious error when reading debug info
--4312-- When reading debug info from /packages/run.64/gcc-13.1/alts/rhel/lib64/libstdc++.so.6.0.31:
--4312-- Ignoring non-Dwarf2/3/4 block in .debug_info
--4312-- WARNING: Serious error when reading debug info
--4312-- When reading debug info from /packages/run.64/gcc-13.1/alts/rhel/lib64/libstdc++.so.6.0.31:
--4312-- Ignoring non-Dwarf2/3/4 block in .debug_info
--4312-- WARNING: Serious error when reading debug info
--4312-- When reading debug info from /packages/run.64/gcc-13.1/alts/rhel/lib64/libstdc++.so.6.0.31:
--4312-- Ignoring non-Dwarf2/3/4 block in .debug_info
--4312-- WARNING: Serious error when reading debug info
--4312-- When reading debug info from /packages/run.64/gcc-13.1/alts/rhel/lib64/libstdc++.so.6.0.31:
--4312-- Ignoring non-Dwarf2/3/4 block in .debug_info
--4312-- WARNING: Serious error when reading debug info
--4312-- When reading debug info from /packages/run.64/gcc-13.1/alts/rhel/lib64/libstdc++.so.6.0.31:
--4312-- Ignoring non-Dwarf2/3/4 block in .debug_info
--4312-- WARNING: Serious error when reading debug info
--4312-- When reading debug info from /packages/run.64/gcc-13.1/alts/rhel/lib64/libstdc++.so.6.0.31:
--4312-- Ignoring non-Dwarf2/3/4 block in .debug_info
--4312-- WARNING: Serious error when reading debug info
--4312-- When reading debug info from /packages/run.64/gcc-13.1/alts/rhel/lib64/libstdc++.so.6.0.31:
--4312-- Ignoring non-Dwarf2/3/4 block in .debug_info
--4312-- WARNING: Serious error when reading debug info
--4312-- When reading debug info from /packages/run.64/gcc-13.1/alts/rhel/lib64/libstdc++.so.6.0.31:
--4312-- Ignoring non-Dwarf2/3/4 block in .debug_info
--4312-- WARNING: Serious error when reading debug info
--4312-- When reading debug info from /packages/run.64/gcc-13.1/alts/rhel/lib64/libstdc++.so.6.0.31:
--4312-- Ignoring non-Dwarf2/3/4 block in .debug_info
--4312-- WARNING: Serious error when reading debug info
--4312-- When reading debug info from /packages/run.64/gcc-13.1/alts/rhel/lib64/libstdc++.so.6.0.31:
--4312-- Ignoring non-Dwarf2/3/4 block in .debug_info
--4312-- WARNING: Serious error when reading debug info
--4312-- When reading debug info from /packages/run.64/gcc-13.1/alts/rhel/lib64/libstdc++.so.6.0.31:
--4312-- Ignoring non-Dwarf2/3/4 block in .debug_info
--4312-- WARNING: Serious error when reading debug info
--4312-- When reading debug info from /packages/run.64/gcc-13.1/alts/rhel/lib64/libstdc++.so.6.0.31:
--4312-- Ignoring non-Dwarf2/3/4 block in .debug_info
--4312-- WARNING: Serious error when reading debug info
--4312-- When reading debug info from /packages/run.64/gcc-13.1/alts/rhel/lib64/libstdc++.so.6.0.31:
--4312-- Ignoring non-Dwarf2/3/4 block in .debug_info
--4312-- WARNING: Serious error when reading debug info
--4312-- When reading debug info from /packages/run.64/gcc-13.1/alts/rhel/lib64/libstdc++.so.6.0.31:
--4312-- Ignoring non-Dwarf2/3/4 block in .debug_info
--4312-- WARNING: Serious error when reading debug info
--4312-- When reading debug info from /packages/run.64/gcc-13.1/alts/rhel/lib64/libstdc++.so.6.0.31:
--4312-- Ignoring non-Dwarf2/3/4 block in .debug_info
--4312-- WARNING: Serious error when reading debug info
--4312-- When reading debug info from /packages/run.64/gcc-13.1/alts/rhel/lib64/libstdc++.so.6.0.31:
--4312-- Ignoring non-Dwarf2/3/4 block in .debug_info
--4312-- WARNING: Serious error when reading debug info
--4312-- When reading debug info from /packages/run.64/gcc-13.1/alts/rhel/lib64/libstdc++.so.6.0.31:
--4312-- Ignoring non-Dwarf2/3/4 block in .debug_info
--4312-- WARNING: Serious error when reading debug info
--4312-- When reading debug info from /packages/run.64/gcc-13.1/alts/rhel/lib64/libstdc++.so.6.0.31:
--4312-- Ignoring non-Dwarf2/3/4 block in .debug_info
--4312-- WARNING: Serious error when reading debug info
--4312-- When reading debug info from /packages/run.64/gcc-13.1/alts/rhel/lib64/libstdc++.so.6.0.31:
--4312-- Ignoring non-Dwarf2/3/4 block in .debug_info
--4312-- WARNING: Serious error when reading debug info
--4312-- When reading debug info from /packages/run.64/gcc-13.1/alts/rhel/lib64/libstdc++.so.6.0.31:
--4312-- Ignoring non-Dwarf2/3/4 block in .debug_info
--4312-- WARNING: Serious error when reading debug info
--4312-- When reading debug info from /packages/run.64/gcc-13.1/alts/rhel/lib64/libstdc++.so.6.0.31:
--4312-- Ignoring non-Dwarf2/3/4 block in .debug_info
--4312-- WARNING: Serious error when reading debug info
--4312-- When reading debug info from /packages/run.64/gcc-13.1/alts/rhel/lib64/libstdc++.so.6.0.31:
--4312-- Ignoring non-Dwarf2/3/4 block in .debug_info
--4312-- WARNING: Serious error when reading debug info
--4312-- When reading debug info from /packages/run.64/gcc-13.1/alts/rhel/lib64/libstdc++.so.6.0.31:
--4312-- Ignoring non-Dwarf2/3/4 block in .debug_info
--4312-- WARNING: Serious error when reading debug info
--4312-- When reading debug info from /packages/run.64/gcc-13.1/alts/rhel/lib64/libstdc++.so.6.0.31:
--4312-- Ignoring non-Dwarf2/3/4 block in .debug_info
--4312-- WARNING: Serious error when reading debug info
--4312-- When reading debug info from /packages/run.64/gcc-13.1/alts/rhel/lib64/libstdc++.so.6.0.31:
--4312-- Ignoring non-Dwarf2/3/4 block in .debug_info
--4312-- WARNING: Serious error when reading debug info
--4312-- When reading debug info from /packages/run.64/gcc-13.1/alts/rhel/lib64/libstdc++.so.6.0.31:
--4312-- Ignoring non-Dwarf2/3/4 block in .debug_info
--4312-- WARNING: Serious error when reading debug info
--4312-- When reading debug info from /packages/run.64/gcc-13.1/alts/rhel/lib64/libstdc++.so.6.0.31:
--4312-- Ignoring non-Dwarf2/3/4 block in .debug_info
--4312-- WARNING: Serious error when reading debug info
--4312-- When reading debug info from /packages/run.64/gcc-13.1/alts/rhel/lib64/libstdc++.so.6.0.31:
--4312-- Ignoring non-Dwarf2/3/4 block in .debug_info
--4312-- WARNING: Serious error when reading debug info
--4312-- When reading debug info from /packages/run.64/gcc-13.1/alts/rhel/lib64/libstdc++.so.6.0.31:
--4312-- Ignoring non-Dwarf2/3/4 block in .debug_info
--4312-- WARNING: Serious error when reading debug info
--4312-- When reading debug info from /packages/run.64/gcc-13.1/alts/rhel/lib64/libstdc++.so.6.0.31:
--4312-- Ignoring non-Dwarf2/3/4 block in .debug_info
--4312-- WARNING: Serious error when reading debug info
--4312-- When reading debug info from /packages/run.64/gcc-13.1/alts/rhel/lib64/libstdc++.so.6.0.31:
--4312-- Ignoring non-Dwarf2/3/4 block in .debug_info
--4312-- WARNING: Serious error when reading debug info
--4312-- When reading debug info from /packages/run.64/gcc-13.1/alts/rhel/lib64/libstdc++.so.6.0.31:
--4312-- Ignoring non-Dwarf2/3/4 block in .debug_info
--4312-- WARNING: Serious error when reading debug info
--4312-- When reading debug info from /packages/run.64/gcc-13.1/alts/rhel/lib64/libstdc++.so.6.0.31:
--4312-- Ignoring non-Dwarf2/3/4 block in .debug_info
--4312-- WARNING: Serious error when reading debug info
--4312-- When reading debug info from /packages/run.64/gcc-13.1/alts/rhel/lib64/libstdc++.so.6.0.31:
--4312-- Ignoring non-Dwarf2/3/4 block in .debug_info
--4312-- WARNING: Serious error when reading debug info
--4312-- When reading debug info from /packages/run.64/gcc-13.1/alts/rhel/lib64/libstdc++.so.6.0.31:
--4312-- Ignoring non-Dwarf2/3/4 block in .debug_info
--4312-- WARNING: Serious error when reading debug info
--4312-- When reading debug info from /packages/run.64/gcc-13.1/alts/rhel/lib64/libstdc++.so.6.0.31:
--4312-- Ignoring non-Dwarf2/3/4 block in .debug_info
--4312-- WARNING: Serious error when reading debug info
--4312-- When reading debug info from /packages/run.64/gcc-13.1/alts/rhel/lib64/libstdc++.so.6.0.31:
--4312-- Ignoring non-Dwarf2/3/4 block in .debug_info
--4312-- WARNING: Serious error when reading debug info
--4312-- When reading debug info from /packages/run.64/gcc-13.1/alts/rhel/lib64/libstdc++.so.6.0.31:
--4312-- Ignoring non-Dwarf2/3/4 block in .debug_info
--4312-- WARNING: Serious error when reading debug info
--4312-- When reading debug info from /packages/run.64/gcc-13.1/alts/rhel/lib64/libstdc++.so.6.0.31:
--4312-- Ignoring non-Dwarf2/3/4 block in .debug_info
--4312-- WARNING: Serious error when reading debug info
--4312-- When reading debug info from /packages/run.64/gcc-13.1/alts/rhel/lib64/libstdc++.so.6.0.31:
--4312-- Ignoring non-Dwarf2/3/4 block in .debug_info
--4312-- WARNING: Serious error when reading debug info
--4312-- When reading debug info from /packages/run.64/gcc-13.1/alts/rhel/lib64/libstdc++.so.6.0.31:
--4312-- Ignoring non-Dwarf2/3/4 block in .debug_info
--4312-- WARNING: Serious error when reading debug info
--4312-- When reading debug info from /packages/run.64/gcc-13.1/alts/rhel/lib64/libstdc++.so.6.0.31:
--4312-- Ignoring non-Dwarf2/3/4 block in .debug_info
--4312-- WARNING: Serious error when reading debug info
--4312-- When reading debug info from /packages/run.64/gcc-13.1/alts/rhel/lib64/libstdc++.so.6.0.31:
--4312-- Ignoring non-Dwarf2/3/4 block in .debug_info
--4312-- WARNING: Serious error when reading debug info
--4312-- When reading debug info from /packages/run.64/gcc-13.1/alts/rhel/lib64/libstdc++.so.6.0.31:
--4312-- Ignoring non-Dwarf2/3/4 block in .debug_info
--4312-- WARNING: Serious error when reading debug info
--4312-- When reading debug info from /packages/run.64/gcc-13.1/alts/rhel/lib64/libstdc++.so.6.0.31:
--4312-- Ignoring non-Dwarf2/3/4 block in .debug_info
--4312-- WARNING: Serious error when reading debug info
--4312-- When reading debug info from /packages/run.64/gcc-13.1/alts/rhel/lib64/libstdc++.so.6.0.31:
--4312-- Ignoring non-Dwarf2/3/4 block in .debug_info
--4312-- WARNING: Serious error when reading debug info
--4312-- When reading debug info from /packages/run.64/gcc-13.1/alts/rhel/lib64/libstdc++.so.6.0.31:
--4312-- Ignoring non-Dwarf2/3/4 block in .debug_info
--4312-- WARNING: Serious error when reading debug info
--4312-- When reading debug info from /packages/run.64/gcc-13.1/alts/rhel/lib64/libstdc++.so.6.0.31:
--4312-- Ignoring non-Dwarf2/3/4 block in .debug_info
--4312-- WARNING: Serious error when reading debug info
--4312-- When reading debug info from /packages/run.64/gcc-13.1/alts/rhel/lib64/libstdc++.so.6.0.31:
--4312-- Ignoring non-Dwarf2/3/4 block in .debug_info
--4312-- WARNING: Serious error when reading debug info
--4312-- When reading debug info from /packages/run.64/gcc-13.1/alts/rhel/lib64/libstdc++.so.6.0.31:
--4312-- Ignoring non-Dwarf2/3/4 block in .debug_info
--4312-- WARNING: Serious error when reading debug info
--4312-- When reading debug info from /packages/run.64/gcc-13.1/alts/rhel/lib64/libstdc++.so.6.0.31:
--4312-- Ignoring non-Dwarf2/3/4 block in .debug_info
--4312-- WARNING: Serious error when reading debug info
--4312-- When reading debug info from /packages/run.64/gcc-13.1/alts/rhel/lib64/libstdc++.so.6.0.31:
--4312-- Ignoring non-Dwarf2/3/4 block in .debug_info
--4312-- WARNING: Serious error when reading debug info
--4312-- When reading debug info from /packages/run.64/gcc-13.1/alts/rhel/lib64/libstdc++.so.6.0.31:
--4312-- Ignoring non-Dwarf2/3/4 block in .debug_info
--4312-- WARNING: Serious error when reading debug info
--4312-- When reading debug info from /packages/run.64/gcc-13.1/alts/rhel/lib64/libstdc++.so.6.0.31:
--4312-- Ignoring non-Dwarf2/3/4 block in .debug_info
--4312-- WARNING: Serious error when reading debug info
--4312-- When reading debug info from /packages/run.64/gcc-13.1/alts/rhel/lib64/libstdc++.so.6.0.31:
--4312-- Ignoring non-Dwarf2/3/4 block in .debug_info
--4312-- WARNING: Serious error when reading debug info
--4312-- When reading debug info from /packages/run.64/gcc-13.1/alts/rhel/lib64/libstdc++.so.6.0.31:
--4312-- Ignoring non-Dwarf2/3/4 block in .debug_info
--4312-- WARNING: Serious error when reading debug info
--4312-- When reading debug info from /packages/run.64/gcc-13.1/alts/rhel/lib64/libstdc++.so.6.0.31:
--4312-- Ignoring non-Dwarf2/3/4 block in .debug_info
--4312-- WARNING: Serious error when reading debug info
--4312-- When reading debug info from /packages/run.64/gcc-13.1/alts/rhel/lib64/libstdc++.so.6.0.31:
--4312-- Ignoring non-Dwarf2/3/4 block in .debug_info
--4312-- WARNING: Serious error when reading debug info
--4312-- When reading debug info from /packages/run.64/gcc-13.1/alts/rhel/lib64/libstdc++.so.6.0.31:
--4312-- Ignoring non-Dwarf2/3/4 block in .debug_info
--4312-- WARNING: Serious error when reading debug info
--4312-- When reading debug info from /packages/run.64/gcc-13.1/alts/rhel/lib64/libstdc++.so.6.0.31:
--4312-- Ignoring non-Dwarf2/3/4 block in .debug_info
--4312-- WARNING: Serious error when reading debug info
--4312-- When reading debug info from /packages/run.64/gcc-13.1/alts/rhel/lib64/libstdc++.so.6.0.31:
--4312-- Ignoring non-Dwarf2/3/4 block in .debug_info
--4312-- WARNING: Serious error when reading debug info
--4312-- When reading debug info from /packages/run.64/gcc-13.1/alts/rhel/lib64/libstdc++.so.6.0.31:
--4312-- Ignoring non-Dwarf2/3/4 block in .debug_info
--4312-- WARNING: Serious error when reading debug info
--4312-- When reading debug info from /packages/run.64/gcc-13.1/alts/rhel/lib64/libstdc++.so.6.0.31:
--4312-- Ignoring non-Dwarf2/3/4 block in .debug_info
--4312-- WARNING: Serious error when reading debug info
--4312-- When reading debug info from /packages/run.64/gcc-13.1/alts/rhel/lib64/libstdc++.so.6.0.31:
--4312-- Ignoring non-Dwarf2/3/4 block in .debug_info
--4312-- WARNING: Serious error when reading debug info
--4312-- When reading debug info from /packages/run.64/gcc-13.1/alts/rhel/lib64/libstdc++.so.6.0.31:
--4312-- Ignoring non-Dwarf2/3/4 block in .debug_info
--4312-- WARNING: Serious error when reading debug info
--4312-- When reading debug info from /packages/run.64/gcc-13.1/alts/rhel/lib64/libstdc++.so.6.0.31:
--4312-- Ignoring non-Dwarf2/3/4 block in .debug_info
--4312-- WARNING: Serious error when reading debug info
--4312-- When reading debug info from /packages/run.64/gcc-13.1/alts/rhel/lib64/libstdc++.so.6.0.31:
--4312-- Ignoring non-Dwarf2/3/4 block in .debug_info
--4312-- WARNING: Serious error when reading debug info
--4312-- When reading debug info from /packages/run.64/gcc-13.1/alts/rhel/lib64/libstdc++.so.6.0.31:
--4312-- Ignoring non-Dwarf2/3/4 block in .debug_info
--4312-- WARNING: Serious error when reading debug info
--4312-- When reading debug info from /packages/run.64/gcc-13.1/alts/rhel/lib64/libstdc++.so.6.0.31:
--4312-- Ignoring non-Dwarf2/3/4 block in .debug_info
--4312-- WARNING: Serious error when reading debug info
--4312-- When reading debug info from /packages/run.64/gcc-13.1/alts/rhel/lib64/libstdc++.so.6.0.31:
--4312-- Ignoring non-Dwarf2/3/4 block in .debug_info
--4312-- WARNING: Serious error when reading debug info
--4312-- When reading debug info from /packages/run.64/gcc-13.1/alts/rhel/lib64/libstdc++.so.6.0.31:
--4312-- Ignoring non-Dwarf2/3/4 block in .debug_info
--4312-- WARNING: Serious error when reading debug info
--4312-- When reading debug info from /packages/run.64/gcc-13.1/alts/rhel/lib64/libstdc++.so.6.0.31:
--4312-- Ignoring non-Dwarf2/3/4 block in .debug_info
--4312-- WARNING: Serious error when reading debug info
--4312-- When reading debug info from /packages/run.64/gcc-13.1/alts/rhel/lib64/libstdc++.so.6.0.31:
--4312-- Ignoring non-Dwarf2/3/4 block in .debug_info
--4312-- WARNING: Serious error when reading debug info
--4312-- When reading debug info from /packages/run.64/gcc-13.1/alts/rhel/lib64/libstdc++.so.6.0.31:
--4312-- Ignoring non-Dwarf2/3/4 block in .debug_info
--4312-- WARNING: Serious error when reading debug info
--4312-- When reading debug info from /packages/run.64/gcc-13.1/alts/rhel/lib64/libstdc++.so.6.0.31:
--4312-- Ignoring non-Dwarf2/3/4 block in .debug_info
--4312-- WARNING: Serious error when reading debug info
--4312-- When reading debug info from /packages/run.64/gcc-13.1/alts/rhel/lib64/libstdc++.so.6.0.31:
--4312-- Ignoring non-Dwarf2/3/4 block in .debug_info
--4312-- WARNING: Serious error when reading debug info
--4312-- When reading debug info from /packages/run.64/gcc-13.1/alts/rhel/lib64/libstdc++.so.6.0.31:
--4312-- Ignoring non-Dwarf2/3/4 block in .debug_info
--4312-- WARNING: Serious error when reading debug info
--4312-- When reading debug info from /packages/run.64/gcc-13.1/alts/rhel/lib64/libstdc++.so.6.0.31:
--4312-- Ignoring non-Dwarf2/3/4 block in .debug_info
--4312-- WARNING: Serious error when reading debug info
--4312-- When reading debug info from /packages/run.64/gcc-13.1/alts/rhel/lib64/libstdc++.so.6.0.31:
--4312-- Ignoring non-Dwarf2/3/4 block in .debug_info
--4312-- WARNING: Serious error when reading debug info
--4312-- When reading debug info from /packages/run.64/gcc-13.1/alts/rhel/lib64/libstdc++.so.6.0.31:
--4312-- Ignoring non-Dwarf2/3/4 block in .debug_info
--4312-- WARNING: Serious error when reading debug info
--4312-- When reading debug info from /packages/run.64/gcc-13.1/alts/rhel/lib64/libstdc++.so.6.0.31:
--4312-- Ignoring non-Dwarf2/3/4 block in .debug_info
--4312-- WARNING: Serious error when reading debug info
--4312-- When reading debug info from /packages/run.64/gcc-13.1/alts/rhel/lib64/libstdc++.so.6.0.31:
--4312-- Ignoring non-Dwarf2/3/4 block in .debug_info
--4312-- WARNING: Serious error when reading debug info
--4312-- When reading debug info from /packages/run.64/gcc-13.1/alts/rhel/lib64/libstdc++.so.6.0.31:
--4312-- Ignoring non-Dwarf2/3/4 block in .debug_info
--4312-- WARNING: Serious error when reading debug info
--4312-- When reading debug info from /packages/run.64/gcc-13.1/alts/rhel/lib64/libstdc++.so.6.0.31:
--4312-- Ignoring non-Dwarf2/3/4 block in .debug_info
--4312-- WARNING: Serious error when reading debug info
--4312-- When reading debug info from /packages/run.64/gcc-13.1/alts/rhel/lib64/libstdc++.so.6.0.31:
--4312-- Ignoring non-Dwarf2/3/4 block in .debug_info
--4312-- WARNING: Serious error when reading debug info
--4312-- When reading debug info from /packages/run.64/gcc-13.1/alts/rhel/lib64/libstdc++.so.6.0.31:
--4312-- Ignoring non-Dwarf2/3/4 block in .debug_info
--4312-- WARNING: Serious error when reading debug info
--4312-- When reading debug info from /packages/run.64/gcc-13.1/alts/rhel/lib64/libstdc++.so.6.0.31:
--4312-- Ignoring non-Dwarf2/3/4 block in .debug_info
--4312-- WARNING: Serious error when reading debug info
--4312-- When reading debug info from /packages/run.64/gcc-13.1/alts/rhel/lib64/libstdc++.so.6.0.31:
--4312-- Ignoring non-Dwarf2/3/4 block in .debug_info
--4312-- WARNING: Serious error when reading debug info
--4312-- When reading debug info from /packages/run.64/gcc-13.1/alts/rhel/lib64/libstdc++.so.6.0.31:
--4312-- Ignoring non-Dwarf2/3/4 block in .debug_info
--4312-- WARNING: Serious error when reading debug info
--4312-- When reading debug info from /packages/run.64/gcc-13.1/alts/rhel/lib64/libstdc++.so.6.0.31:
--4312-- Ignoring non-Dwarf2/3/4 block in .debug_info
--4312-- WARNING: Serious error when reading debug info
--4312-- When reading debug info from /packages/run.64/gcc-13.1/alts/rhel/lib64/libstdc++.so.6.0.31:
--4312-- Ignoring non-Dwarf2/3/4 block in .debug_info
--4312-- WARNING: Serious error when reading debug info
--4312-- When reading debug info from /packages/run.64/gcc-13.1/alts/rhel/lib64/libstdc++.so.6.0.31:
--4312-- Ignoring non-Dwarf2/3/4 block in .debug_info
--4312-- WARNING: Serious error when reading debug info
--4312-- When reading debug info from /packages/run.64/gcc-13.1/alts/rhel/lib64/libstdc++.so.6.0.31:
--4312-- Ignoring non-Dwarf2/3/4 block in .debug_info
--4312-- WARNING: Serious error when reading debug info
--4312-- When reading debug info from /packages/run.64/gcc-13.1/alts/rhel/lib64/libstdc++.so.6.0.31:
--4312-- Ignoring non-Dwarf2/3/4 block in .debug_info
--4312-- WARNING: Serious error when reading debug info
--4312-- When reading debug info from /packages/run.64/gcc-13.1/alts/rhel/lib64/libstdc++.so.6.0.31:
--4312-- Ignoring non-Dwarf2/3/4 block in .debug_info
--4312-- WARNING: Serious error when reading debug info
--4312-- When reading debug info from /packages/run.64/gcc-13.1/alts/rhel/lib64/libstdc++.so.6.0.31:
--4312-- Ignoring non-Dwarf2/3/4 block in .debug_info
--4312-- WARNING: Serious error when reading debug info
--4312-- When reading debug info from /packages/run.64/gcc-13.1/alts/rhel/lib64/libstdc++.so.6.0.31:
--4312-- Ignoring non-Dwarf2/3/4 block in .debug_info
--4312-- WARNING: Serious error when reading debug info
--4312-- When reading debug info from /packages/run.64/gcc-13.1/alts/rhel/lib64/libstdc++.so.6.0.31:
--4312-- Ignoring non-Dwarf2/3/4 block in .debug_info
--4312-- WARNING: Serious error when reading debug info
--4312-- When reading debug info from /packages/run.64/gcc-13.1/alts/rhel/lib64/libstdc++.so.6.0.31:
--4312-- Ignoring non-Dwarf2/3/4 block in .debug_info
--4312-- WARNING: Serious error when reading debug info
--4312-- When reading debug info from /packages/run.64/gcc-13.1/alts/rhel/lib64/libstdc++.so.6.0.31:
--4312-- Ignoring non-Dwarf2/3/4 block in .debug_info
--4312-- WARNING: Serious error when reading debug info
--4312-- When reading debug info from /packages/run.64/gcc-13.1/alts/rhel/lib64/libstdc++.so.6.0.31:
--4312-- Ignoring non-Dwarf2/3/4 block in .debug_info
--4312-- WARNING: Serious error when reading debug info
--4312-- When reading debug info from /packages/run.64/gcc-13.1/alts/rhel/lib64/libstdc++.so.6.0.31:
--4312-- Ignoring non-Dwarf2/3/4 block in .debug_info
--4312-- WARNING: Serious error when reading debug info
--4312-- When reading debug info from /packages/run.64/gcc-13.1/alts/rhel/lib64/libstdc++.so.6.0.31:
--4312-- Ignoring non-Dwarf2/3/4 block in .debug_info
--4312-- WARNING: Serious error when reading debug info
--4312-- When reading debug info from /packages/run.64/gcc-13.1/alts/rhel/lib64/libstdc++.so.6.0.31:
--4312-- Ignoring non-Dwarf2/3/4 block in .debug_info
--4312-- WARNING: Serious error when reading debug info
--4312-- When reading debug info from /packages/run.64/gcc-13.1/alts/rhel/lib64/libstdc++.so.6.0.31:
--4312-- Ignoring non-Dwarf2/3/4 block in .debug_info
--4312-- WARNING: Serious error when reading debug info
--4312-- When reading debug info from /packages/run.64/gcc-13.1/alts/rhel/lib64/libstdc++.so.6.0.31:
--4312-- Ignoring non-Dwarf2/3/4 block in .debug_info
--4312-- WARNING: Serious error when reading debug info
--4312-- When reading debug info from /packages/run.64/gcc-13.1/alts/rhel/lib64/libstdc++.so.6.0.31:
--4312-- Ignoring non-Dwarf2/3/4 block in .debug_info
--4312-- WARNING: Serious error when reading debug info
--4312-- When reading debug info from /packages/run.64/gcc-13.1/alts/rhel/lib64/libstdc++.so.6.0.31:
--4312-- Ignoring non-Dwarf2/3/4 block in .debug_info
--4312-- WARNING: Serious error when reading debug info
--4312-- When reading debug info from /packages/run.64/gcc-13.1/alts/rhel/lib64/libstdc++.so.6.0.31:
--4312-- Ignoring non-Dwarf2/3/4 block in .debug_info
--4312-- WARNING: Serious error when reading debug info
--4312-- When reading debug info from /packages/run.64/gcc-13.1/alts/rhel/lib64/libstdc++.so.6.0.31:
--4312-- Ignoring non-Dwarf2/3/4 block in .debug_info
--4312-- WARNING: Serious error when reading debug info
--4312-- When reading debug info from /packages/run.64/gcc-13.1/alts/rhel/lib64/libstdc++.so.6.0.31:
--4312-- Ignoring non-Dwarf2/3/4 block in .debug_info
--4312-- WARNING: Serious error when reading debug info
--4312-- When reading debug info from /packages/run.64/gcc-13.1/alts/rhel/lib64/libstdc++.so.6.0.31:
--4312-- Ignoring non-Dwarf2/3/4 block in .debug_info
--4312-- WARNING: Serious error when reading debug info
--4312-- When reading debug info from /packages/run.64/gcc-13.1/alts/rhel/lib64/libstdc++.so.6.0.31:
--4312-- Ignoring non-Dwarf2/3/4 block in .debug_info
--4312-- WARNING: Serious error when reading debug info
--4312-- When reading debug info from /packages/run.64/gcc-13.1/alts/rhel/lib64/libstdc++.so.6.0.31:
--4312-- Ignoring non-Dwarf2/3/4 block in .debug_info
--4312-- WARNING: Serious error when reading debug info
--4312-- When reading debug info from /packages/run.64/gcc-13.1/alts/rhel/lib64/libstdc++.so.6.0.31:
--4312-- Ignoring non-Dwarf2/3/4 block in .debug_info
--4312-- WARNING: Serious error when reading debug info
--4312-- When reading debug info from /packages/run.64/gcc-13.1/alts/rhel/lib64/libstdc++.so.6.0.31:
--4312-- Ignoring non-Dwarf2/3/4 block in .debug_info
--4312-- WARNING: Serious error when reading debug info
--4312-- When reading debug info from /packages/run.64/gcc-13.1/alts/rhel/lib64/libstdc++.so.6.0.31:
--4312-- Ignoring non-Dwarf2/3/4 block in .debug_info
--4312-- WARNING: Serious error when reading debug info
--4312-- When reading debug info from /packages/run.64/gcc-13.1/alts/rhel/lib64/libstdc++.so.6.0.31:
--4312-- Ignoring non-Dwarf2/3/4 block in .debug_info
--4312-- WARNING: Serious error when reading debug info
--4312-- When reading debug info from /packages/run.64/gcc-13.1/alts/rhel/lib64/libstdc++.so.6.0.31:
--4312-- Ignoring non-Dwarf2/3/4 block in .debug_info
--4312-- WARNING: Serious error when reading debug info
--4312-- When reading debug info from /packages/run.64/gcc-13.1/alts/rhel/lib64/libstdc++.so.6.0.31:
--4312-- Ignoring non-Dwarf2/3/4 block in .debug_info
--4312-- WARNING: Serious error when reading debug info
--4312-- When reading debug info from /packages/run.64/gcc-13.1/alts/rhel/lib64/libstdc++.so.6.0.31:
--4312-- Ignoring non-Dwarf2/3/4 block in .debug_info
--4312-- WARNING: Serious error when reading debug info
--4312-- When reading debug info from /packages/run.64/gcc-13.1/alts/rhel/lib64/libstdc++.so.6.0.31:
--4312-- Ignoring non-Dwarf2/3/4 block in .debug_info
--4312-- WARNING: Serious error when reading debug info
--4312-- When reading debug info from /packages/run.64/gcc-13.1/alts/rhel/lib64/libstdc++.so.6.0.31:
--4312-- Ignoring non-Dwarf2/3/4 block in .debug_info
--4312-- WARNING: Serious error when reading debug info
--4312-- When reading debug info from /packages/run.64/gcc-13.1/alts/rhel/lib64/libstdc++.so.6.0.31:
--4312-- Ignoring non-Dwarf2/3/4 block in .debug_info
--4312-- WARNING: Serious error when reading debug info
--4312-- When reading debug info from /packages/run.64/gcc-13.1/alts/rhel/lib64/libstdc++.so.6.0.31:
--4312-- Ignoring non-Dwarf2/3/4 block in .debug_info
--4312-- WARNING: Serious error when reading debug info
--4312-- When reading debug info from /packages/run.64/gcc-13.1/alts/rhel/lib64/libstdc++.so.6.0.31:
--4312-- Ignoring non-Dwarf2/3/4 block in .debug_info
--4312-- WARNING: Serious error when reading debug info
--4312-- When reading debug info from /packages/run.64/gcc-13.1/alts/rhel/lib64/libstdc++.so.6.0.31:
--4312-- Ignoring non-Dwarf2/3/4 block in .debug_info
--4312-- WARNING: Serious error when reading debug info
--4312-- When reading debug info from /packages/run.64/gcc-13.1/alts/rhel/lib64/libstdc++.so.6.0.31:
--4312-- Ignoring non-Dwarf2/3/4 block in .debug_info
--4312-- WARNING: Serious error when reading debug info
--4312-- When reading debug info from /packages/run.64/gcc-13.1/alts/rhel/lib64/libstdc++.so.6.0.31:
--4312-- Ignoring non-Dwarf2/3/4 block in .debug_info
--4312-- WARNING: Serious error when reading debug info
--4312-- When reading debug info from /packages/run.64/gcc-13.1/alts/rhel/lib64/libstdc++.so.6.0.31:
--4312-- Ignoring non-Dwarf2/3/4 block in .debug_info
--4312-- WARNING: Serious error when reading debug info
--4312-- When reading debug info from /packages/run.64/gcc-13.1/alts/rhel/lib64/libstdc++.so.6.0.31:
--4312-- Ignoring non-Dwarf2/3/4 block in .debug_info
--4312-- WARNING: Serious error when reading debug info
--4312-- When reading debug info from /packages/run.64/gcc-13.1/alts/rhel/lib64/libstdc++.so.6.0.31:
--4312-- Ignoring non-Dwarf2/3/4 block in .debug_info
--4312-- WARNING: Serious error when reading debug info
--4312-- When reading debug info from /packages/run.64/gcc-13.1/alts/rhel/lib64/libstdc++.so.6.0.31:
--4312-- Ignoring non-Dwarf2/3/4 block in .debug_info
--4312-- WARNING: Serious error when reading debug info
--4312-- When reading debug info from /packages/run.64/gcc-13.1/alts/rhel/lib64/libstdc++.so.6.0.31:
--4312-- Ignoring non-Dwarf2/3/4 block in .debug_info
--4312-- WARNING: Serious error when reading debug info
--4312-- When reading debug info from /packages/run.64/gcc-13.1/alts/rhel/lib64/libstdc++.so.6.0.31:
--4312-- Ignoring non-Dwarf2/3/4 block in .debug_info
--4312-- WARNING: Serious error when reading debug info
--4312-- When reading debug info from /packages/run.64/gcc-13.1/alts/rhel/lib64/libstdc++.so.6.0.31:
--4312-- Ignoring non-Dwarf2/3/4 block in .debug_info
--4312-- WARNING: Serious error when reading debug info
--4312-- When reading debug info from /packages/run.64/gcc-13.1/alts/rhel/lib64/libstdc++.so.6.0.31:
--4312-- Ignoring non-Dwarf2/3/4 block in .debug_info
--4312-- WARNING: Serious error when reading debug info
--4312-- When reading debug info from /packages/run.64/gcc-13.1/alts/rhel/lib64/libstdc++.so.6.0.31:
--4312-- Ignoring non-Dwarf2/3/4 block in .debug_info
--4312-- WARNING: Serious error when reading debug info
--4312-- When reading debug info from /packages/run.64/gcc-13.1/alts/rhel/lib64/libstdc++.so.6.0.31:
--4312-- Ignoring non-Dwarf2/3/4 block in .debug_info
--4312-- WARNING: Serious error when reading debug info
--4312-- When reading debug info from /packages/run.64/gcc-13.1/alts/rhel/lib64/libstdc++.so.6.0.31:
--4312-- Ignoring non-Dwarf2/3/4 block in .debug_info
--4312-- WARNING: Serious error when reading debug info
--4312-- When reading debug info from /packages/run.64/gcc-13.1/alts/rhel/lib64/libstdc++.so.6.0.31:
--4312-- Ignoring non-Dwarf2/3/4 block in .debug_info
--4312-- WARNING: Serious error when reading debug info
--4312-- When reading debug info from /packages/run.64/gcc-13.1/alts/rhel/lib64/libstdc++.so.6.0.31:
--4312-- Ignoring non-Dwarf2/3/4 block in .debug_info
--4312-- WARNING: Serious error when reading debug info
--4312-- When reading debug info from /packages/run.64/gcc-13.1/alts/rhel/lib64/libstdc++.so.6.0.31:
--4312-- Ignoring non-Dwarf2/3/4 block in .debug_info
--4312-- WARNING: Serious error when reading debug info
--4312-- When reading debug info from /packages/run.64/gcc-13.1/alts/rhel/lib64/libstdc++.so.6.0.31:
--4312-- Ignoring non-Dwarf2/3/4 block in .debug_info
--4312-- WARNING: Serious error when reading debug info
--4312-- When reading debug info from /packages/run.64/gcc-13.1/alts/rhel/lib64/libstdc++.so.6.0.31:
--4312-- Ignoring non-Dwarf2/3/4 block in .debug_info
--4312-- WARNING: Serious error when reading debug info
--4312-- When reading debug info from /packages/run.64/gcc-13.1/alts/rhel/lib64/libstdc++.so.6.0.31:
--4312-- Ignoring non-Dwarf2/3/4 block in .debug_info
--4312-- WARNING: Serious error when reading debug info
--4312-- When reading debug info from /packages/run.64/gcc-13.1/alts/rhel/lib64/libstdc++.so.6.0.31:
--4312-- Ignoring non-Dwarf2/3/4 block in .debug_info
--4312-- WARNING: Serious error when reading debug info
--4312-- When reading debug info from /packages/run.64/gcc-13.1/alts/rhel/lib64/libstdc++.so.6.0.31:
--4312-- Ignoring non-Dwarf2/3/4 block in .debug_info
--4312-- WARNING: Serious error when reading debug info
--4312-- When reading debug info from /packages/run.64/gcc-13.1/alts/rhel/lib64/libstdc++.so.6.0.31:
--4312-- Ignoring non-Dwarf2/3/4 block in .debug_info
--4312-- WARNING: Serious error when reading debug info
--4312-- When reading debug info from /packages/run.64/gcc-13.1/alts/rhel/lib64/libstdc++.so.6.0.31:
--4312-- Ignoring non-Dwarf2/3/4 block in .debug_info
--4312-- WARNING: Serious error when reading debug info
--4312-- When reading debug info from /packages/run.64/gcc-13.1/alts/rhel/lib64/libstdc++.so.6.0.31:
--4312-- Ignoring non-Dwarf2/3/4 block in .debug_info
--4312-- WARNING: Serious error when reading debug info
--4312-- When reading debug info from /packages/run.64/gcc-13.1/alts/rhel/lib64/libstdc++.so.6.0.31:
--4312-- Ignoring non-Dwarf2/3/4 block in .debug_info
--4312-- WARNING: Serious error when reading debug info
--4312-- When reading debug info from /packages/run.64/gcc-13.1/alts/rhel/lib64/libstdc++.so.6.0.31:
--4312-- Ignoring non-Dwarf2/3/4 block in .debug_info
--4312-- WARNING: Serious error when reading debug info
--4312-- When reading debug info from /packages/run.64/gcc-13.1/alts/rhel/lib64/libstdc++.so.6.0.31:
--4312-- Ignoring non-Dwarf2/3/4 block in .debug_info
--4312-- WARNING: Serious error when reading debug info
--4312-- When reading debug info from /packages/run.64/gcc-13.1/alts/rhel/lib64/libstdc++.so.6.0.31:
--4312-- Ignoring non-Dwarf2/3/4 block in .debug_info
--4312-- WARNING: Serious error when reading debug info
--4312-- When reading debug info from /packages/run.64/gcc-13.1/alts/rhel/lib64/libstdc++.so.6.0.31:
--4312-- Ignoring non-Dwarf2/3/4 block in .debug_info
--4312-- WARNING: Serious error when reading debug info
--4312-- When reading debug info from /packages/run.64/gcc-13.1/alts/rhel/lib64/libstdc++.so.6.0.31:
--4312-- Ignoring non-Dwarf2/3/4 block in .debug_info
--4312-- WARNING: Serious error when reading debug info
--4312-- When reading debug info from /packages/run.64/gcc-13.1/alts/rhel/lib64/libstdc++.so.6.0.31:
--4312-- parse_CU_Header: is neither DWARF2 nor DWARF3 nor DWARF4
--4312-- WARNING: Serious error when reading debug info
--4312-- When reading debug info from /packages/run.64/gcc-13.1/alts/rhel/lib64/libgcc_s.so.1:
--4312-- Ignoring non-Dwarf2/3/4 block in .debug_info
--4312-- WARNING: Serious error when reading debug info
--4312-- When reading debug info from /packages/run.64/gcc-13.1/alts/rhel/lib64/libgcc_s.so.1:
--4312-- Ignoring non-Dwarf2/3/4 block in .debug_info
--4312-- WARNING: Serious error when reading debug info
--4312-- When reading debug info from /packages/run.64/gcc-13.1/alts/rhel/lib64/libgcc_s.so.1:
--4312-- Ignoring non-Dwarf2/3/4 block in .debug_info
--4312-- WARNING: Serious error when reading debug info
--4312-- When reading debug info from /packages/run.64/gcc-13.1/alts/rhel/lib64/libgcc_s.so.1:
--4312-- Ignoring non-Dwarf2/3/4 block in .debug_info
--4312-- WARNING: Serious error when reading debug info
--4312-- When reading debug info from /packages/run.64/gcc-13.1/alts/rhel/lib64/libgcc_s.so.1:
--4312-- Ignoring non-Dwarf2/3/4 block in .debug_info
--4312-- WARNING: Serious error when reading debug info
--4312-- When reading debug info from /packages/run.64/gcc-13.1/alts/rhel/lib64/libgcc_s.so.1:
--4312-- Ignoring non-Dwarf2/3/4 block in .debug_info
--4312-- WARNING: Serious error when reading debug info
--4312-- When reading debug info from /packages/run.64/gcc-13.1/alts/rhel/lib64/libgcc_s.so.1:
--4312-- Ignoring non-Dwarf2/3/4 block in .debug_info
--4312-- WARNING: Serious error when reading debug info
--4312-- When reading debug info from /packages/run.64/gcc-13.1/alts/rhel/lib64/libgcc_s.so.1:
--4312-- Ignoring non-Dwarf2/3/4 block in .debug_info
--4312-- WARNING: Serious error when reading debug info
--4312-- When reading debug info from /packages/run.64/gcc-13.1/alts/rhel/lib64/libgcc_s.so.1:
--4312-- Ignoring non-Dwarf2/3/4 block in .debug_info
--4312-- WARNING: Serious error when reading debug info
--4312-- When reading debug info from /packages/run.64/gcc-13.1/alts/rhel/lib64/libgcc_s.so.1:
--4312-- Ignoring non-Dwarf2/3/4 block in .debug_info
--4312-- WARNING: Serious error when reading debug info
--4312-- When reading debug info from /packages/run.64/gcc-13.1/alts/rhel/lib64/libgcc_s.so.1:
--4312-- Ignoring non-Dwarf2/3/4 block in .debug_info
--4312-- WARNING: Serious error when reading debug info
--4312-- When reading debug info from /packages/run.64/gcc-13.1/alts/rhel/lib64/libgcc_s.so.1:
--4312-- Ignoring non-Dwarf2/3/4 block in .debug_info
--4312-- WARNING: Serious error when reading debug info
--4312-- When reading debug info from /packages/run.64/gcc-13.1/alts/rhel/lib64/libgcc_s.so.1:
--4312-- Ignoring non-Dwarf2/3/4 block in .debug_info
--4312-- WARNING: Serious error when reading debug info
--4312-- When reading debug info from /packages/run.64/gcc-13.1/alts/rhel/lib64/libgcc_s.so.1:
--4312-- Ignoring non-Dwarf2/3/4 block in .debug_info
--4312-- WARNING: Serious error when reading debug info
--4312-- When reading debug info from /packages/run.64/gcc-13.1/alts/rhel/lib64/libgcc_s.so.1:
--4312-- Ignoring non-Dwarf2/3/4 block in .debug_info
--4312-- WARNING: Serious error when reading debug info
--4312-- When reading debug info from /packages/run.64/gcc-13.1/alts/rhel/lib64/libgcc_s.so.1:
--4312-- Ignoring non-Dwarf2/3/4 block in .debug_info
--4312-- WARNING: Serious error when reading debug info
--4312-- When reading debug info from /packages/run.64/gcc-13.1/alts/rhel/lib64/libgcc_s.so.1:
--4312-- Ignoring non-Dwarf2/3/4 block in .debug_info
--4312-- WARNING: Serious error when reading debug info
--4312-- When reading debug info from /packages/run.64/gcc-13.1/alts/rhel/lib64/libgcc_s.so.1:
--4312-- Ignoring non-Dwarf2/3/4 block in .debug_info
--4312-- WARNING: Serious error when reading debug info
--4312-- When reading debug info from /packages/run.64/gcc-13.1/alts/rhel/lib64/libgcc_s.so.1:
--4312-- Ignoring non-Dwarf2/3/4 block in .debug_info
--4312-- WARNING: Serious error when reading debug info
--4312-- When reading debug info from /packages/run.64/gcc-13.1/alts/rhel/lib64/libgcc_s.so.1:
--4312-- Ignoring non-Dwarf2/3/4 block in .debug_info
--4312-- WARNING: Serious error when reading debug info
--4312-- When reading debug info from /packages/run.64/gcc-13.1/alts/rhel/lib64/libgcc_s.so.1:
--4312-- Ignoring non-Dwarf2/3/4 block in .debug_info
--4312-- WARNING: Serious error when reading debug info
--4312-- When reading debug info from /packages/run.64/gcc-13.1/alts/rhel/lib64/libgcc_s.so.1:
--4312-- Ignoring non-Dwarf2/3/4 block in .debug_info
--4312-- WARNING: Serious error when reading debug info
--4312-- When reading debug info from /packages/run.64/gcc-13.1/alts/rhel/lib64/libgcc_s.so.1:
--4312-- Ignoring non-Dwarf2/3/4 block in .debug_info
--4312-- WARNING: Serious error when reading debug info
--4312-- When reading debug info from /packages/run.64/gcc-13.1/alts/rhel/lib64/libgcc_s.so.1:
--4312-- Ignoring non-Dwarf2/3/4 block in .debug_info
--4312-- WARNING: Serious error when reading debug info
--4312-- When reading debug info from /packages/run.64/gcc-13.1/alts/rhel/lib64/libgcc_s.so.1:
--4312-- Ignoring non-Dwarf2/3/4 block in .debug_info
--4312-- WARNING: Serious error when reading debug info
--4312-- When reading debug info from /packages/run.64/gcc-13.1/alts/rhel/lib64/libgcc_s.so.1:
--4312-- Ignoring non-Dwarf2/3/4 block in .debug_info
--4312-- WARNING: Serious error when reading debug info
--4312-- When reading debug info from /packages/run.64/gcc-13.1/alts/rhel/lib64/libgcc_s.so.1:
--4312-- Ignoring non-Dwarf2/3/4 block in .debug_info
--4312-- WARNING: Serious error when reading debug info
--4312-- When reading debug info from /packages/run.64/gcc-13.1/alts/rhel/lib64/libgcc_s.so.1:
--4312-- Ignoring non-Dwarf2/3/4 block in .debug_info
--4312-- WARNING: Serious error when reading debug info
--4312-- When reading debug info from /packages/run.64/gcc-13.1/alts/rhel/lib64/libgcc_s.so.1:
--4312-- Ignoring non-Dwarf2/3/4 block in .debug_info
--4312-- WARNING: Serious error when reading debug info
--4312-- When reading debug info from /packages/run.64/gcc-13.1/alts/rhel/lib64/libgcc_s.so.1:
--4312-- Ignoring non-Dwarf2/3/4 block in .debug_info
--4312-- WARNING: Serious error when reading debug info
--4312-- When reading debug info from /packages/run.64/gcc-13.1/alts/rhel/lib64/libgcc_s.so.1:
--4312-- Ignoring non-Dwarf2/3/4 block in .debug_info
--4312-- WARNING: Serious error when reading debug info
--4312-- When reading debug info from /packages/run.64/gcc-13.1/alts/rhel/lib64/libgcc_s.so.1:
--4312-- Ignoring non-Dwarf2/3/4 block in .debug_info
--4312-- WARNING: Serious error when reading debug info
--4312-- When reading debug info from /packages/run.64/gcc-13.1/alts/rhel/lib64/libgcc_s.so.1:
--4312-- Ignoring non-Dwarf2/3/4 block in .debug_info
--4312-- WARNING: Serious error when reading debug info
--4312-- When reading debug info from /packages/run.64/gcc-13.1/alts/rhel/lib64/libgcc_s.so.1:
--4312-- Ignoring non-Dwarf2/3/4 block in .debug_info
--4312-- WARNING: Serious error when reading debug info
--4312-- When reading debug info from /packages/run.64/gcc-13.1/alts/rhel/lib64/libgcc_s.so.1:
--4312-- Ignoring non-Dwarf2/3/4 block in .debug_info
--4312-- WARNING: Serious error when reading debug info
--4312-- When reading debug info from /packages/run.64/gcc-13.1/alts/rhel/lib64/libgcc_s.so.1:
--4312-- Ignoring non-Dwarf2/3/4 block in .debug_info
--4312-- WARNING: Serious error when reading debug info
--4312-- When reading debug info from /packages/run.64/gcc-13.1/alts/rhel/lib64/libgcc_s.so.1:
--4312-- Ignoring non-Dwarf2/3/4 block in .debug_info
--4312-- WARNING: Serious error when reading debug info
--4312-- When reading debug info from /packages/run.64/gcc-13.1/alts/rhel/lib64/libgcc_s.so.1:
--4312-- Ignoring non-Dwarf2/3/4 block in .debug_info
--4312-- WARNING: Serious error when reading debug info
--4312-- When reading debug info from /packages/run.64/gcc-13.1/alts/rhel/lib64/libgcc_s.so.1:
--4312-- Ignoring non-Dwarf2/3/4 block in .debug_info
--4312-- WARNING: Serious error when reading debug info
--4312-- When reading debug info from /packages/run.64/gcc-13.1/alts/rhel/lib64/libgcc_s.so.1:
--4312-- Ignoring non-Dwarf2/3/4 block in .debug_info
--4312-- WARNING: Serious error when reading debug info
--4312-- When reading debug info from /packages/run.64/gcc-13.1/alts/rhel/lib64/libgcc_s.so.1:
--4312-- Ignoring non-Dwarf2/3/4 block in .debug_info
--4312-- WARNING: Serious error when reading debug info
--4312-- When reading debug info from /packages/run.64/gcc-13.1/alts/rhel/lib64/libgcc_s.so.1:
--4312-- Ignoring non-Dwarf2/3/4 block in .debug_info
--4312-- WARNING: Serious error when reading debug info
--4312-- When reading debug info from /packages/run.64/gcc-13.1/alts/rhel/lib64/libgcc_s.so.1:
--4312-- Ignoring non-Dwarf2/3/4 block in .debug_info
--4312-- WARNING: Serious error when reading debug info
--4312-- When reading debug info from /packages/run.64/gcc-13.1/alts/rhel/lib64/libgcc_s.so.1:
--4312-- Ignoring non-Dwarf2/3/4 block in .debug_info
--4312-- WARNING: Serious error when reading debug info
--4312-- When reading debug info from /packages/run.64/gcc-13.1/alts/rhel/lib64/libgcc_s.so.1:
--4312-- Ignoring non-Dwarf2/3/4 block in .debug_info
--4312-- WARNING: Serious error when reading debug info
--4312-- When reading debug info from /packages/run.64/gcc-13.1/alts/rhel/lib64/libgcc_s.so.1:
--4312-- Ignoring non-Dwarf2/3/4 block in .debug_info
--4312-- WARNING: Serious error when reading debug info
--4312-- When reading debug info from /packages/run.64/gcc-13.1/alts/rhel/lib64/libgcc_s.so.1:
--4312-- Ignoring non-Dwarf2/3/4 block in .debug_info
--4312-- WARNING: Serious error when reading debug info
--4312-- When reading debug info from /packages/run.64/gcc-13.1/alts/rhel/lib64/libgcc_s.so.1:
--4312-- Ignoring non-Dwarf2/3/4 block in .debug_info
--4312-- WARNING: Serious error when reading debug info
--4312-- When reading debug info from /packages/run.64/gcc-13.1/alts/rhel/lib64/libgcc_s.so.1:
--4312-- Ignoring non-Dwarf2/3/4 block in .debug_info
--4312-- WARNING: Serious error when reading debug info
--4312-- When reading debug info from /packages/run.64/gcc-13.1/alts/rhel/lib64/libgcc_s.so.1:
--4312-- Ignoring non-Dwarf2/3/4 block in .debug_info
--4312-- WARNING: Serious error when reading debug info
--4312-- When reading debug info from /packages/run.64/gcc-13.1/alts/rhel/lib64/libgcc_s.so.1:
--4312-- Ignoring non-Dwarf2/3/4 block in .debug_info
--4312-- WARNING: Serious error when reading debug info
--4312-- When reading debug info from /packages/run.64/gcc-13.1/alts/rhel/lib64/libgcc_s.so.1:
--4312-- Ignoring non-Dwarf2/3/4 block in .debug_info
--4312-- WARNING: Serious error when reading debug info
--4312-- When reading debug info from /packages/run.64/gcc-13.1/alts/rhel/lib64/libgcc_s.so.1:
--4312-- Ignoring non-Dwarf2/3/4 block in .debug_info
--4312-- WARNING: Serious error when reading debug info
--4312-- When reading debug info from /packages/run.64/gcc-13.1/alts/rhel/lib64/libgcc_s.so.1:
--4312-- Ignoring non-Dwarf2/3/4 block in .debug_info
--4312-- WARNING: Serious error when reading debug info
--4312-- When reading debug info from /packages/run.64/gcc-13.1/alts/rhel/lib64/libgcc_s.so.1:
--4312-- Ignoring non-Dwarf2/3/4 block in .debug_info
--4312-- WARNING: Serious error when reading debug info
--4312-- When reading debug info from /packages/run.64/gcc-13.1/alts/rhel/lib64/libgcc_s.so.1:
--4312-- Ignoring non-Dwarf2/3/4 block in .debug_info
--4312-- WARNING: Serious error when reading debug info
--4312-- When reading debug info from /packages/run.64/gcc-13.1/alts/rhel/lib64/libgcc_s.so.1:
--4312-- Ignoring non-Dwarf2/3/4 block in .debug_info
--4312-- WARNING: Serious error when reading debug info
--4312-- When reading debug info from /packages/run.64/gcc-13.1/alts/rhel/lib64/libgcc_s.so.1:
--4312-- Ignoring non-Dwarf2/3/4 block in .debug_info
--4312-- WARNING: Serious error when reading debug info
--4312-- When reading debug info from /packages/run.64/gcc-13.1/alts/rhel/lib64/libgcc_s.so.1:
--4312-- Ignoring non-Dwarf2/3/4 block in .debug_info
--4312-- WARNING: Serious error when reading debug info
--4312-- When reading debug info from /packages/run.64/gcc-13.1/alts/rhel/lib64/libgcc_s.so.1:
--4312-- Ignoring non-Dwarf2/3/4 block in .debug_info
--4312-- WARNING: Serious error when reading debug info
--4312-- When reading debug info from /packages/run.64/gcc-13.1/alts/rhel/lib64/libgcc_s.so.1:
--4312-- Ignoring non-Dwarf2/3/4 block in .debug_info
--4312-- WARNING: Serious error when reading debug info
--4312-- When reading debug info from /packages/run.64/gcc-13.1/alts/rhel/lib64/libgcc_s.so.1:
--4312-- Ignoring non-Dwarf2/3/4 block in .debug_info
--4312-- WARNING: Serious error when reading debug info
--4312-- When reading debug info from /packages/run.64/gcc-13.1/alts/rhel/lib64/libgcc_s.so.1:
--4312-- Ignoring non-Dwarf2/3/4 block in .debug_info
--4312-- WARNING: Serious error when reading debug info
--4312-- When reading debug info from /packages/run.64/gcc-13.1/alts/rhel/lib64/libgcc_s.so.1:
--4312-- Ignoring non-Dwarf2/3/4 block in .debug_info
--4312-- WARNING: Serious error when reading debug info
--4312-- When reading debug info from /packages/run.64/gcc-13.1/alts/rhel/lib64/libgcc_s.so.1:
--4312-- Ignoring non-Dwarf2/3/4 block in .debug_info
--4312-- WARNING: Serious error when reading debug info
--4312-- When reading debug info from /packages/run.64/gcc-13.1/alts/rhel/lib64/libgcc_s.so.1:
--4312-- Ignoring non-Dwarf2/3/4 block in .debug_info
--4312-- WARNING: Serious error when reading debug info
--4312-- When reading debug info from /packages/run.64/gcc-13.1/alts/rhel/lib64/libgcc_s.so.1:
--4312-- Ignoring non-Dwarf2/3/4 block in .debug_info
--4312-- WARNING: Serious error when reading debug info
--4312-- When reading debug info from /packages/run.64/gcc-13.1/alts/rhel/lib64/libgcc_s.so.1:
--4312-- Ignoring non-Dwarf2/3/4 block in .debug_info
--4312-- WARNING: Serious error when reading debug info
--4312-- When reading debug info from /packages/run.64/gcc-13.1/alts/rhel/lib64/libgcc_s.so.1:
--4312-- Ignoring non-Dwarf2/3/4 block in .debug_info
--4312-- WARNING: Serious error when reading debug info
--4312-- When reading debug info from /packages/run.64/gcc-13.1/alts/rhel/lib64/libgcc_s.so.1:
--4312-- Ignoring non-Dwarf2/3/4 block in .debug_info
--4312-- WARNING: Serious error when reading debug info
--4312-- When reading debug info from /packages/run.64/gcc-13.1/alts/rhel/lib64/libgcc_s.so.1:
--4312-- Ignoring non-Dwarf2/3/4 block in .debug_info
--4312-- WARNING: Serious error when reading debug info
--4312-- When reading debug info from /packages/run.64/gcc-13.1/alts/rhel/lib64/libgcc_s.so.1:
--4312-- Ignoring non-Dwarf2/3/4 block in .debug_info
--4312-- WARNING: Serious error when reading debug info
--4312-- When reading debug info from /packages/run.64/gcc-13.1/alts/rhel/lib64/libgcc_s.so.1:
--4312-- Ignoring non-Dwarf2/3/4 block in .debug_info
--4312-- WARNING: Serious error when reading debug info
--4312-- When reading debug info from /packages/run.64/gcc-13.1/alts/rhel/lib64/libgcc_s.so.1:
--4312-- Ignoring non-Dwarf2/3/4 block in .debug_info
--4312-- WARNING: Serious error when reading debug info
--4312-- When reading debug info from /packages/run.64/gcc-13.1/alts/rhel/lib64/libgcc_s.so.1:
--4312-- Ignoring non-Dwarf2/3/4 block in .debug_info
--4312-- WARNING: Serious error when reading debug info
--4312-- When reading debug info from /packages/run.64/gcc-13.1/alts/rhel/lib64/libgcc_s.so.1:
--4312-- Ignoring non-Dwarf2/3/4 block in .debug_info
--4312-- WARNING: Serious error when reading debug info
--4312-- When reading debug info from /packages/run.64/gcc-13.1/alts/rhel/lib64/libgcc_s.so.1:
--4312-- Ignoring non-Dwarf2/3/4 block in .debug_info
--4312-- WARNING: Serious error when reading debug info
--4312-- When reading debug info from /packages/run.64/gcc-13.1/alts/rhel/lib64/libgcc_s.so.1:
--4312-- Ignoring non-Dwarf2/3/4 block in .debug_info
--4312-- WARNING: Serious error when reading debug info
--4312-- When reading debug info from /packages/run.64/gcc-13.1/alts/rhel/lib64/libgcc_s.so.1:
--4312-- Ignoring non-Dwarf2/3/4 block in .debug_info
--4312-- WARNING: Serious error when reading debug info
--4312-- When reading debug info from /packages/run.64/gcc-13.1/alts/rhel/lib64/libgcc_s.so.1:
--4312-- Ignoring non-Dwarf2/3/4 block in .debug_info
--4312-- WARNING: Serious error when reading debug info
--4312-- When reading debug info from /packages/run.64/gcc-13.1/alts/rhel/lib64/libgcc_s.so.1:
--4312-- Ignoring non-Dwarf2/3/4 block in .debug_info
--4312-- WARNING: Serious error when reading debug info
--4312-- When reading debug info from /packages/run.64/gcc-13.1/alts/rhel/lib64/libgcc_s.so.1:
--4312-- Ignoring non-Dwarf2/3/4 block in .debug_info
--4312-- WARNING: Serious error when reading debug info
--4312-- When reading debug info from /packages/run.64/gcc-13.1/alts/rhel/lib64/libgcc_s.so.1:
--4312-- Ignoring non-Dwarf2/3/4 block in .debug_info
--4312-- WARNING: Serious error when reading debug info
--4312-- When reading debug info from /packages/run.64/gcc-13.1/alts/rhel/lib64/libgcc_s.so.1:
--4312-- Ignoring non-Dwarf2/3/4 block in .debug_info
--4312-- WARNING: Serious error when reading debug info
--4312-- When reading debug info from /packages/run.64/gcc-13.1/alts/rhel/lib64/libgcc_s.so.1:
--4312-- Ignoring non-Dwarf2/3/4 block in .debug_info
--4312-- WARNING: Serious error when reading debug info
--4312-- When reading debug info from /packages/run.64/gcc-13.1/alts/rhel/lib64/libgcc_s.so.1:
--4312-- Ignoring non-Dwarf2/3/4 block in .debug_info
--4312-- WARNING: Serious error when reading debug info
--4312-- When reading debug info from /packages/run.64/gcc-13.1/alts/rhel/lib64/libgcc_s.so.1:
--4312-- Ignoring non-Dwarf2/3/4 block in .debug_info
--4312-- WARNING: Serious error when reading debug info
--4312-- When reading debug info from /packages/run.64/gcc-13.1/alts/rhel/lib64/libgcc_s.so.1:
--4312-- Ignoring non-Dwarf2/3/4 block in .debug_info
--4312-- WARNING: Serious error when reading debug info
--4312-- When reading debug info from /packages/run.64/gcc-13.1/alts/rhel/lib64/libgcc_s.so.1:
--4312-- Ignoring non-Dwarf2/3/4 block in .debug_info
--4312-- WARNING: Serious error when reading debug info
--4312-- When reading debug info from /packages/run.64/gcc-13.1/alts/rhel/lib64/libgcc_s.so.1:
--4312-- Ignoring non-Dwarf2/3/4 block in .debug_info
--4312-- WARNING: Serious error when reading debug info
--4312-- When reading debug info from /packages/run.64/gcc-13.1/alts/rhel/lib64/libgcc_s.so.1:
--4312-- Ignoring non-Dwarf2/3/4 block in .debug_info
--4312-- WARNING: Serious error when reading debug info
--4312-- When reading debug info from /packages/run.64/gcc-13.1/alts/rhel/lib64/libgcc_s.so.1:
--4312-- Ignoring non-Dwarf2/3/4 block in .debug_info
--4312-- WARNING: Serious error when reading debug info
--4312-- When reading debug info from /packages/run.64/gcc-13.1/alts/rhel/lib64/libgcc_s.so.1:
--4312-- Ignoring non-Dwarf2/3/4 block in .debug_info
--4312-- WARNING: Serious error when reading debug info
--4312-- When reading debug info from /packages/run.64/gcc-13.1/alts/rhel/lib64/libgcc_s.so.1:
--4312-- Ignoring non-Dwarf2/3/4 block in .debug_info
--4312-- WARNING: Serious error when reading debug info
--4312-- When reading debug info from /packages/run.64/gcc-13.1/alts/rhel/lib64/libgcc_s.so.1:
--4312-- Ignoring non-Dwarf2/3/4 block in .debug_info
--4312-- WARNING: Serious error when reading debug info
--4312-- When reading debug info from /packages/run.64/gcc-13.1/alts/rhel/lib64/libgcc_s.so.1:
--4312-- Ignoring non-Dwarf2/3/4 block in .debug_info
--4312-- WARNING: Serious error when reading debug info
--4312-- When reading debug info from /packages/run.64/gcc-13.1/alts/rhel/lib64/libgcc_s.so.1:
--4312-- Ignoring non-Dwarf2/3/4 block in .debug_info
--4312-- WARNING: Serious error when reading debug info
--4312-- When reading debug info from /packages/run.64/gcc-13.1/alts/rhel/lib64/libgcc_s.so.1:
--4312-- Ignoring non-Dwarf2/3/4 block in .debug_info
--4312-- WARNING: Serious error when reading debug info
--4312-- When reading debug info from /packages/run.64/gcc-13.1/alts/rhel/lib64/libgcc_s.so.1:
--4312-- Ignoring non-Dwarf2/3/4 block in .debug_info
--4312-- WARNING: Serious error when reading debug info
--4312-- When reading debug info from /packages/run.64/gcc-13.1/alts/rhel/lib64/libgcc_s.so.1:
--4312-- Ignoring non-Dwarf2/3/4 block in .debug_info
--4312-- WARNING: Serious error when reading debug info
--4312-- When reading debug info from /packages/run.64/gcc-13.1/alts/rhel/lib64/libgcc_s.so.1:
--4312-- Ignoring non-Dwarf2/3/4 block in .debug_info
--4312-- WARNING: Serious error when reading debug info
--4312-- When reading debug info from /packages/run.64/gcc-13.1/alts/rhel/lib64/libgcc_s.so.1:
--4312-- Ignoring non-Dwarf2/3/4 block in .debug_info
--4312-- WARNING: Serious error when reading debug info
--4312-- When reading debug info from /packages/run.64/gcc-13.1/alts/rhel/lib64/libgcc_s.so.1:
--4312-- Ignoring non-Dwarf2/3/4 block in .debug_info
--4312-- WARNING: Serious error when reading debug info
--4312-- When reading debug info from /packages/run.64/gcc-13.1/alts/rhel/lib64/libgcc_s.so.1:
--4312-- Ignoring non-Dwarf2/3/4 block in .debug_info
--4312-- WARNING: Serious error when reading debug info
--4312-- When reading debug info from /packages/run.64/gcc-13.1/alts/rhel/lib64/libgcc_s.so.1:
--4312-- Ignoring non-Dwarf2/3/4 block in .debug_info
--4312-- WARNING: Serious error when reading debug info
--4312-- When reading debug info from /packages/run.64/gcc-13.1/alts/rhel/lib64/libgcc_s.so.1:
--4312-- Ignoring non-Dwarf2/3/4 block in .debug_info
--4312-- WARNING: Serious error when reading debug info
--4312-- When reading debug info from /packages/run.64/gcc-13.1/alts/rhel/lib64/libgcc_s.so.1:
--4312-- Ignoring non-Dwarf2/3/4 block in .debug_info
--4312-- WARNING: Serious error when reading debug info
--4312-- When reading debug info from /packages/run.64/gcc-13.1/alts/rhel/lib64/libgcc_s.so.1:
--4312-- Ignoring non-Dwarf2/3/4 block in .debug_info
--4312-- WARNING: Serious error when reading debug info
--4312-- When reading debug info from /packages/run.64/gcc-13.1/alts/rhel/lib64/libgcc_s.so.1:
--4312-- Ignoring non-Dwarf2/3/4 block in .debug_info
--4312-- WARNING: Serious error when reading debug info
--4312-- When reading debug info from /packages/run.64/gcc-13.1/alts/rhel/lib64/libgcc_s.so.1:
--4312-- Ignoring non-Dwarf2/3/4 block in .debug_info
--4312-- WARNING: Serious error when reading debug info
--4312-- When reading debug info from /packages/run.64/gcc-13.1/alts/rhel/lib64/libgcc_s.so.1:
--4312-- Ignoring non-Dwarf2/3/4 block in .debug_info
--4312-- WARNING: Serious error when reading debug info
--4312-- When reading debug info from /packages/run.64/gcc-13.1/alts/rhel/lib64/libgcc_s.so.1:
--4312-- Ignoring non-Dwarf2/3/4 block in .debug_info
--4312-- WARNING: Serious error when reading debug info
--4312-- When reading debug info from /packages/run.64/gcc-13.1/alts/rhel/lib64/libgcc_s.so.1:
--4312-- Ignoring non-Dwarf2/3/4 block in .debug_info
--4312-- WARNING: Serious error when reading debug info
--4312-- When reading debug info from /packages/run.64/gcc-13.1/alts/rhel/lib64/libgcc_s.so.1:
--4312-- Ignoring non-Dwarf2/3/4 block in .debug_info
--4312-- WARNING: Serious error when reading debug info
--4312-- When reading debug info from /packages/run.64/gcc-13.1/alts/rhel/lib64/libgcc_s.so.1:
--4312-- Ignoring non-Dwarf2/3/4 block in .debug_info
--4312-- WARNING: Serious error when reading debug info
--4312-- When reading debug info from /packages/run.64/gcc-13.1/alts/rhel/lib64/libgcc_s.so.1:
--4312-- Ignoring non-Dwarf2/3/4 block in .debug_info
--4312-- WARNING: Serious error when reading debug info
--4312-- When reading debug info from /packages/run.64/gcc-13.1/alts/rhel/lib64/libgcc_s.so.1:
--4312-- Ignoring non-Dwarf2/3/4 block in .debug_info
--4312-- WARNING: Serious error when reading debug info
--4312-- When reading debug info from /packages/run.64/gcc-13.1/alts/rhel/lib64/libgcc_s.so.1:
--4312-- Ignoring non-Dwarf2/3/4 block in .debug_info
--4312-- WARNING: Serious error when reading debug info
--4312-- When reading debug info from /packages/run.64/gcc-13.1/alts/rhel/lib64/libgcc_s.so.1:
--4312-- Ignoring non-Dwarf2/3/4 block in .debug_info
--4312-- WARNING: Serious error when reading debug info
--4312-- When reading debug info from /packages/run.64/gcc-13.1/alts/rhel/lib64/libgcc_s.so.1:
--4312-- Ignoring non-Dwarf2/3/4 block in .debug_info
--4312-- WARNING: Serious error when reading debug info
--4312-- When reading debug info from /packages/run.64/gcc-13.1/alts/rhel/lib64/libgcc_s.so.1:
--4312-- Ignoring non-Dwarf2/3/4 block in .debug_info
--4312-- WARNING: Serious error when reading debug info
--4312-- When reading debug info from /packages/run.64/gcc-13.1/alts/rhel/lib64/libgcc_s.so.1:
--4312-- Ignoring non-Dwarf2/3/4 block in .debug_info
--4312-- WARNING: Serious error when reading debug info
--4312-- When reading debug info from /packages/run.64/gcc-13.1/alts/rhel/lib64/libgcc_s.so.1:
--4312-- Ignoring non-Dwarf2/3/4 block in .debug_info
--4312-- WARNING: Serious error when reading debug info
--4312-- When reading debug info from /packages/run.64/gcc-13.1/alts/rhel/lib64/libgcc_s.so.1:
--4312-- Ignoring non-Dwarf2/3/4 block in .debug_info
--4312-- WARNING: Serious error when reading debug info
--4312-- When reading debug info from /packages/run.64/gcc-13.1/alts/rhel/lib64/libgcc_s.so.1:
--4312-- Ignoring non-Dwarf2/3/4 block in .debug_info
--4312-- WARNING: Serious error when reading debug info
--4312-- When reading debug info from /packages/run.64/gcc-13.1/alts/rhel/lib64/libgcc_s.so.1:
--4312-- Ignoring non-Dwarf2/3/4 block in .debug_info
--4312-- WARNING: Serious error when reading debug info
--4312-- When reading debug info from /packages/run.64/gcc-13.1/alts/rhel/lib64/libgcc_s.so.1:
--4312-- Ignoring non-Dwarf2/3/4 block in .debug_info
--4312-- WARNING: Serious error when reading debug info
--4312-- When reading debug info from /packages/run.64/gcc-13.1/alts/rhel/lib64/libgcc_s.so.1:
--4312-- Ignoring non-Dwarf2/3/4 block in .debug_info
--4312-- WARNING: Serious error when reading debug info
--4312-- When reading debug info from /packages/run.64/gcc-13.1/alts/rhel/lib64/libgcc_s.so.1:
--4312-- Ignoring non-Dwarf2/3/4 block in .debug_info
--4312-- WARNING: Serious error when reading debug info
--4312-- When reading debug info from /packages/run.64/gcc-13.1/alts/rhel/lib64/libgcc_s.so.1:
--4312-- Ignoring non-Dwarf2/3/4 block in .debug_info
--4312-- WARNING: Serious error when reading debug info
--4312-- When reading debug info from /packages/run.64/gcc-13.1/alts/rhel/lib64/libgcc_s.so.1:
--4312-- Ignoring non-Dwarf2/3/4 block in .debug_info
--4312-- WARNING: Serious error when reading debug info
--4312-- When reading debug info from /packages/run.64/gcc-13.1/alts/rhel/lib64/libgcc_s.so.1:
--4312-- parse_CU_Header: is neither DWARF2 nor DWARF3 nor DWARF4
==4312== 
==4312== Process terminating with default action of signal 6 (SIGABRT)
==4312==    at 0x57E5387: raise (in /usr/lib64/libc-2.17.so)
==4312==    by 0x57E6A77: abort (in /usr/lib64/libc-2.17.so)
==4312==    by 0x57DE1A5: __assert_fail_base (in /usr/lib64/libc-2.17.so)
==4312==    by 0x57DE251: __assert_fail (in /usr/lib64/libc-2.17.so)
==4312==    by 0x403FCC: test_array() (d_json.cpp:388)
==4312==    by 0x405062: main (d_json.cpp:488)
==4312== 
==4312== HEAP SUMMARY:
==4312==     in use at exit: 0 bytes in 0 blocks
==4312==   total heap usage: 4 allocs, 4 frees, 73,948 bytes allocated
==4312== 
==4312== All heap blocks were freed -- no leaks are possible
==4312== 
==4312== For lists of detected and suppressed errors, rerun with: -s
==4312== ERROR SUMMARY: 0 errors from 0 contexts (suppressed: 0 from 0)
